<?xml version="1.0" encoding="UTF-8"?>
<!-- Generated by org.testng.reporters.JUnitXMLReporter -->
<testsuite ignored="40" hostname="LAPTOP-V0HJLHIK" failures="1" tests="2" name="Smoke Testing" time="15.552" errors="0" timestamp="2022-04-17T08:25:31 IST">
  <testcase classname="org.obs.seleniumcommands.SeleniumCommands" name="@AfterMethod tearDown" time="0.214">
    <failure type="org.openqa.selenium.NoSuchSessionException" message="invalid session id
Build info: version: &amp;apos;4.1.2&amp;apos;, revision: &amp;apos;9a5a329c5a&amp;apos;
System info: host: &amp;apos;LAPTOP-V0HJLHIK&amp;apos;, ip: &amp;apos;192.168.6.176&amp;apos;, os.name: &amp;apos;Windows 10&amp;apos;, os.arch: &amp;apos;amd64&amp;apos;, os.version: &amp;apos;10.0&amp;apos;, java.version: &amp;apos;17.0.1&amp;apos;
Driver info: org.openqa.selenium.chrome.ChromeDriver
Command: [be6e6ef4a99299e12e3f3d910f4c2755, screenshot {}]
Capabilities {acceptInsecureCerts: false, browserName: chrome, browserVersion: 100.0.4896.88, chrome: {chromedriverVersion: 100.0.4896.60 (6a5d10861ce8..., userDataDir: C:\Users\USER\AppData\Local...}, goog:chromeOptions: {debuggerAddress: localhost:59243}, javascriptEnabled: true, networkConnectionEnabled: false, pageLoadStrategy: normal, platform: WINDOWS, platformName: WINDOWS, proxy: Proxy(), se:cdp: ws://localhost:59243/devtoo..., se:cdpVersion: 100.0.4896.88, setWindowRect: true, strictFileInteractability: false, timeouts: {implicit: 0, pageLoad: 300000, script: 30000}, unhandledPromptBehavior: dismiss and notify, webauthn:extension:credBlob: true, webauthn:extension:largeBlob: true, webauthn:virtualAuthenticators: true}
Session ID: be6e6ef4a99299e12e3f3d910f4c2755">
      <![CDATA[org.openqa.selenium.NoSuchSessionException: invalid session id
Build info: version: '4.1.2', revision: '9a5a329c5a'
System info: host: 'LAPTOP-V0HJLHIK', ip: '192.168.6.176', os.name: 'Windows 10', os.arch: 'amd64', os.version: '10.0', java.version: '17.0.1'
Driver info: org.openqa.selenium.chrome.ChromeDriver
Command: [be6e6ef4a99299e12e3f3d910f4c2755, screenshot {}]
Capabilities {acceptInsecureCerts: false, browserName: chrome, browserVersion: 100.0.4896.88, chrome: {chromedriverVersion: 100.0.4896.60 (6a5d10861ce8..., userDataDir: C:\Users\USER\AppData\Local...}, goog:chromeOptions: {debuggerAddress: localhost:59243}, javascriptEnabled: true, networkConnectionEnabled: false, pageLoadStrategy: normal, platform: WINDOWS, platformName: WINDOWS, proxy: Proxy(), se:cdp: ws://localhost:59243/devtoo..., se:cdpVersion: 100.0.4896.88, setWindowRect: true, strictFileInteractability: false, timeouts: {implicit: 0, pageLoad: 300000, script: 30000}, unhandledPromptBehavior: dismiss and notify, webauthn:extension:credBlob: true, webauthn:extension:largeBlob: true, webauthn:virtualAuthenticators: true}
Session ID: be6e6ef4a99299e12e3f3d910f4c2755
at org.openqa.selenium.remote.codec.w3c.W3CHttpResponseCodec.createException(W3CHttpResponseCodec.java:200)
at org.openqa.selenium.remote.codec.w3c.W3CHttpResponseCodec.decode(W3CHttpResponseCodec.java:133)
at org.openqa.selenium.remote.codec.w3c.W3CHttpResponseCodec.decode(W3CHttpResponseCodec.java:53)
at org.openqa.selenium.remote.HttpCommandExecutor.execute(HttpCommandExecutor.java:184)
at org.openqa.selenium.remote.service.DriverCommandExecutor.invokeExecute(DriverCommandExecutor.java:167)
at org.openqa.selenium.remote.service.DriverCommandExecutor.execute(DriverCommandExecutor.java:142)
at org.openqa.selenium.remote.RemoteWebDriver.execute(RemoteWebDriver.java:558)
at org.openqa.selenium.remote.RemoteWebDriver.execute(RemoteWebDriver.java:613)
at org.openqa.selenium.remote.RemoteWebDriver.execute(RemoteWebDriver.java:617)
at org.openqa.selenium.remote.RemoteWebDriver.getScreenshotAs(RemoteWebDriver.java:348)
at org.obs.seleniumcommands.SeleniumCommands.tearDown(SeleniumCommands.java:92)
at java.base/java.util.concurrent.ThreadPoolExecutor.runWorker(ThreadPoolExecutor.java:1136)
at java.base/java.util.concurrent.ThreadPoolExecutor$Worker.run(ThreadPoolExecutor.java:635)
at java.base/java.lang.Thread.run(Thread.java:833)
... Removed 22 stack frames]]>
    </failure>
  </testcase> <!-- @AfterMethod tearDown -->
  <testcase classname="org.obs.seleniumcommands.SeleniumCommands" name="verifyHomepageTitle" time="8.006"/>
  <testcase classname="org.obs.seleniumcommands.SeleniumCommands" name="verifyLogin" time="8.034">
    <failure type="org.openqa.selenium.NoSuchElementException" message="no such element: Unable to locate element: {&amp;quot;method&amp;quot;:&amp;quot;css selector&amp;quot;,&amp;quot;selector&amp;quot;:&amp;quot;input#Email&amp;quot;}
  (Session info: chrome=100.0.4896.88)
For documentation on this error, please visit: https://selenium.dev/exceptions/#no_such_element
Build info: version: &amp;apos;4.1.2&amp;apos;, revision: &amp;apos;9a5a329c5a&amp;apos;
System info: host: &amp;apos;LAPTOP-V0HJLHIK&amp;apos;, ip: &amp;apos;192.168.6.176&amp;apos;, os.name: &amp;apos;Windows 10&amp;apos;, os.arch: &amp;apos;amd64&amp;apos;, os.version: &amp;apos;10.0&amp;apos;, java.version: &amp;apos;17.0.1&amp;apos;
Driver info: org.openqa.selenium.chrome.ChromeDriver
Command: [be6e6ef4a99299e12e3f3d910f4c2755, findElement {using=css selector, value=input#Email}]
Capabilities {acceptInsecureCerts: false, browserName: chrome, browserVersion: 100.0.4896.88, chrome: {chromedriverVersion: 100.0.4896.60 (6a5d10861ce8..., userDataDir: C:\Users\USER\AppData\Local...}, goog:chromeOptions: {debuggerAddress: localhost:59243}, javascriptEnabled: true, networkConnectionEnabled: false, pageLoadStrategy: normal, platform: WINDOWS, platformName: WINDOWS, proxy: Proxy(), se:cdp: ws://localhost:59243/devtoo..., se:cdpVersion: 100.0.4896.88, setWindowRect: true, strictFileInteractability: false, timeouts: {implicit: 0, pageLoad: 300000, script: 30000}, unhandledPromptBehavior: dismiss and notify, webauthn:extension:credBlob: true, webauthn:extension:largeBlob: true, webauthn:virtualAuthenticators: true}
Session ID: be6e6ef4a99299e12e3f3d910f4c2755">
      <![CDATA[org.openqa.selenium.NoSuchElementException: no such element: Unable to locate element: {"method":"css selector","selector":"input#Email"}
  (Session info: chrome=100.0.4896.88)
For documentation on this error, please visit: https://selenium.dev/exceptions/#no_such_element
Build info: version: '4.1.2', revision: '9a5a329c5a'
System info: host: 'LAPTOP-V0HJLHIK', ip: '192.168.6.176', os.name: 'Windows 10', os.arch: 'amd64', os.version: '10.0', java.version: '17.0.1'
Driver info: org.openqa.selenium.chrome.ChromeDriver
Command: [be6e6ef4a99299e12e3f3d910f4c2755, findElement {using=css selector, value=input#Email}]
Capabilities {acceptInsecureCerts: false, browserName: chrome, browserVersion: 100.0.4896.88, chrome: {chromedriverVersion: 100.0.4896.60 (6a5d10861ce8..., userDataDir: C:\Users\USER\AppData\Local...}, goog:chromeOptions: {debuggerAddress: localhost:59243}, javascriptEnabled: true, networkConnectionEnabled: false, pageLoadStrategy: normal, platform: WINDOWS, platformName: WINDOWS, proxy: Proxy(), se:cdp: ws://localhost:59243/devtoo..., se:cdpVersion: 100.0.4896.88, setWindowRect: true, strictFileInteractability: false, timeouts: {implicit: 0, pageLoad: 300000, script: 30000}, unhandledPromptBehavior: dismiss and notify, webauthn:extension:credBlob: true, webauthn:extension:largeBlob: true, webauthn:virtualAuthenticators: true}
Session ID: be6e6ef4a99299e12e3f3d910f4c2755
at org.openqa.selenium.remote.codec.w3c.W3CHttpResponseCodec.createException(W3CHttpResponseCodec.java:200)
at org.openqa.selenium.remote.codec.w3c.W3CHttpResponseCodec.decode(W3CHttpResponseCodec.java:133)
at org.openqa.selenium.remote.codec.w3c.W3CHttpResponseCodec.decode(W3CHttpResponseCodec.java:53)
at org.openqa.selenium.remote.HttpCommandExecutor.execute(HttpCommandExecutor.java:184)
at org.openqa.selenium.remote.service.DriverCommandExecutor.invokeExecute(DriverCommandExecutor.java:167)
at org.openqa.selenium.remote.service.DriverCommandExecutor.execute(DriverCommandExecutor.java:142)
at org.openqa.selenium.remote.RemoteWebDriver.execute(RemoteWebDriver.java:558)
at org.openqa.selenium.remote.ElementLocation$ElementFinder$2.findElement(ElementLocation.java:162)
at org.openqa.selenium.remote.ElementLocation.findElement(ElementLocation.java:60)
at org.openqa.selenium.remote.RemoteWebDriver.findElement(RemoteWebDriver.java:382)
at org.openqa.selenium.remote.RemoteWebDriver.findElement(RemoteWebDriver.java:374)
at org.obs.seleniumcommands.SeleniumCommands.verifyLogin(SeleniumCommands.java:135)
at java.base/java.util.concurrent.ThreadPoolExecutor.runWorker(ThreadPoolExecutor.java:1136)
at java.base/java.util.concurrent.ThreadPoolExecutor$Worker.run(ThreadPoolExecutor.java:635)
at java.base/java.lang.Thread.run(Thread.java:833)
... Removed 17 stack frames]]>
    </failure>
  </testcase> <!-- verifyLogin -->
  <testcase classname="org.obs.seleniumcommands.SeleniumCommands" name="checkboxSelectionStatus" time="0.0">
    <ignored/>
  </testcase> <!-- checkboxSelectionStatus -->
  <testcase classname="org.obs.seleniumcommands.SeleniumCommands" name="verifySimpleAlert" time="0.0">
    <ignored/>
  </testcase> <!-- verifySimpleAlert -->
  <testcase classname="org.obs.seleniumcommands.SeleniumCommands" name="verifygetallColor" time="0.0">
    <ignored/>
  </testcase> <!-- verifygetallColor -->
  <testcase classname="org.obs.seleniumcommands.SeleniumCommands" name="verifyValueinTable" time="0.0">
    <ignored/>
  </testcase> <!-- verifyValueinTable -->
  <testcase classname="org.obs.seleniumcommands.SeleniumCommands" name="verifysubMenu" time="0.0">
    <ignored/>
  </testcase> <!-- verifysubMenu -->
  <testcase classname="org.obs.seleniumcommands.SeleniumCommands" name="gender" time="0.0">
    <ignored/>
  </testcase> <!-- gender -->
  <testcase classname="org.obs.seleniumcommands.SeleniumCommands" name="multiDimensionalArray" time="0.0">
    <ignored/>
  </testcase> <!-- multiDimensionalArray -->
  <testcase classname="org.obs.seleniumcommands.SeleniumCommands" name="verifyElementPresent" time="0.0">
    <ignored/>
  </testcase> <!-- verifyElementPresent -->
  <testcase classname="org.obs.seleniumcommands.SeleniumCommands" name="verfifyRightClick" time="0.0">
    <ignored/>
  </testcase> <!-- verfifyRightClick -->
  <testcase classname="org.obs.seleniumcommands.SeleniumCommands" name="verifydoubleclick" time="0.0">
    <ignored/>
  </testcase> <!-- verifydoubleclick -->
  <testcase classname="org.obs.seleniumcommands.SeleniumCommands" name="verifyscrollMultiple" time="0.0">
    <ignored/>
  </testcase> <!-- verifyscrollMultiple -->
  <testcase classname="org.obs.seleniumcommands.SeleniumCommands" name="verifyFramesInSelenium" time="0.0">
    <ignored/>
  </testcase> <!-- verifyFramesInSelenium -->
  <testcase classname="org.obs.seleniumcommands.SeleniumCommands" name="verifyFileUpload" time="0.0">
    <ignored/>
  </testcase> <!-- verifyFileUpload -->
  <testcase classname="org.obs.seleniumcommands.SeleniumCommands" name="verifyFirstScrollBar" time="0.0">
    <ignored/>
  </testcase> <!-- verifyFirstScrollBar -->
  <testcase classname="org.obs.seleniumcommands.SeleniumCommands" name="verifyTableHeadres" time="0.0">
    <ignored/>
  </testcase> <!-- verifyTableHeadres -->
  <testcase classname="org.obs.seleniumcommands.SeleniumCommands" name="verifyJavaScriptExecutor" time="0.0">
    <ignored/>
  </testcase> <!-- verifyJavaScriptExecutor -->
  <testcase classname="org.obs.seleniumcommands.SeleniumCommands" name="verifyMainDemotourMousHover" time="0.0">
    <ignored/>
  </testcase> <!-- verifyMainDemotourMousHover -->
  <testcase classname="org.obs.seleniumcommands.SeleniumCommands" name="verifydeselectColor" time="0.0">
    <ignored/>
  </testcase> <!-- verifydeselectColor -->
  <testcase classname="org.obs.seleniumcommands.SeleniumCommands" name="verifyPromptAlert" time="0.0">
    <ignored/>
  </testcase> <!-- verifyPromptAlert -->
  <testcase classname="org.obs.seleniumcommands.SeleniumCommands" name="keyboardActions" time="0.0">
    <ignored/>
  </testcase> <!-- keyboardActions -->
  <testcase classname="org.obs.seleniumcommands.SeleniumCommands" name="fileuploadusingRobertclass" time="0.0">
    <ignored/>
  </testcase> <!-- fileuploadusingRobertclass -->
  <testcase classname="org.obs.seleniumcommands.SeleniumCommands" name="verifymainMultiple" time="0.0">
    <ignored/>
  </testcase> <!-- verifymainMultiple -->
  <testcase classname="org.obs.seleniumcommands.SeleniumCommands" name="verifyReadTable" time="0.0">
    <ignored/>
  </testcase> <!-- verifyReadTable -->
  <testcase classname="org.obs.seleniumcommands.SeleniumCommands" name="searchButton" time="0.0">
    <ignored/>
  </testcase> <!-- searchButton -->
  <testcase classname="org.obs.seleniumcommands.SeleniumCommands" name="verifyConfirmationAlert" time="0.0">
    <ignored/>
  </testcase> <!-- verifyConfirmationAlert -->
  <testcase classname="org.obs.seleniumcommands.SeleniumCommands" name="verifyMultipleWindows" time="0.0">
    <ignored/>
  </testcase> <!-- verifyMultipleWindows -->
  <testcase classname="org.obs.seleniumcommands.SeleniumCommands" name="verifyScroll" time="0.0">
    <ignored/>
  </testcase> <!-- verifyScroll -->
  <testcase classname="org.obs.seleniumcommands.SeleniumCommands" name="verifyElementenabled" time="0.0">
    <ignored/>
  </testcase> <!-- verifyElementenabled -->
  <testcase classname="org.obs.seleniumcommands.SeleniumCommands" name="verifyDropDown" time="0.0">
    <ignored/>
  </testcase> <!-- verifyDropDown -->
  <testcase classname="org.obs.seleniumcommands.SeleniumCommands" name="verifydemotourMenuItem" time="0.0">
    <ignored/>
  </testcase> <!-- verifydemotourMenuItem -->
  <testcase classname="org.obs.seleniumcommands.SeleniumCommands" name="verifyfirstSelect" time="0.0">
    <ignored/>
  </testcase> <!-- verifyfirstSelect -->
  <testcase classname="org.obs.seleniumcommands.SeleniumCommands" name="mainofmenuBar" time="0.0">
    <ignored/>
  </testcase> <!-- mainofmenuBar -->
  <testcase classname="org.obs.seleniumcommands.SeleniumCommands" name="multiDimensionalArrayIterator" time="0.0">
    <ignored/>
  </testcase> <!-- multiDimensionalArrayIterator -->
  <testcase classname="org.obs.seleniumcommands.SeleniumCommands" name="demoDeleteAlert" time="0.0">
    <ignored/>
  </testcase> <!-- demoDeleteAlert -->
  <testcase classname="org.obs.seleniumcommands.SeleniumCommands" name="draganddropBy" time="0.0">
    <ignored/>
  </testcase> <!-- draganddropBy -->
  <testcase classname="org.obs.seleniumcommands.SeleniumCommands" name="verifyWebElementCommands" time="0.0">
    <ignored/>
  </testcase> <!-- verifyWebElementCommands -->
  <testcase classname="org.obs.seleniumcommands.SeleniumCommands" name="verifyGender" time="0.0">
    <ignored/>
  </testcase> <!-- verifyGender -->
  <testcase classname="org.obs.seleniumcommands.SeleniumCommands" name="verifyDragandDrop" time="0.0">
    <ignored/>
  </testcase> <!-- verifyDragandDrop -->
  <testcase classname="org.obs.seleniumcommands.SeleniumCommands" name="verifyClear" time="0.0">
    <ignored/>
  </testcase> <!-- verifyClear -->
  <testcase classname="org.obs.seleniumcommands.SeleniumCommands" name="verifymainofmenu" time="0.0">
    <ignored/>
  </testcase> <!-- verifymainofmenu -->
</testsuite> <!-- Smoke Testing -->
